[debug] [2025-09-09T11:26:36.452Z] ----------------------------------------------------------------------
[debug] [2025-09-09T11:26:36.455Z] Command:       C:\Program Files\nodejs\node.exe C:\Users\Joaco\AppData\Roaming\npm\node_modules\firebase-tools\lib\bin\firebase.js init hosting
[debug] [2025-09-09T11:26:36.455Z] CLI Version:   14.15.2
[debug] [2025-09-09T11:26:36.455Z] Platform:      win32
[debug] [2025-09-09T11:26:36.455Z] Node Version:  v22.19.0
[debug] [2025-09-09T11:26:36.456Z] Time:          Tue Sep 09 2025 08:26:36 GMT-0300 (hora estándar de Argentina)
[debug] [2025-09-09T11:26:36.456Z] ----------------------------------------------------------------------
[debug] 
[debug] [2025-09-09T11:26:36.461Z] > command requires scopes: ["email","openid","https://www.googleapis.com/auth/cloudplatformprojects.readonly","https://www.googleapis.com/auth/firebase","https://www.googleapis.com/auth/cloud-platform"]
[debug] [2025-09-09T11:26:36.461Z] > authorizing via signed-in user (contejoaquin22@gmail.com)
[info] 
     ######## #### ########  ######## ########     ###     ######  ########
     ##        ##  ##     ## ##       ##     ##  ##   ##  ##       ##
     ######    ##  ########  ######   ########  #########  ######  ######
     ##        ##  ##    ##  ##       ##     ## ##     ##       ## ##
     ##       #### ##     ## ######## ########  ##     ##  ######  ########

You're about to initialize a Firebase project in this directory:

  C:\Users\Joaco\Documents\GitHub\DENTA

[info] 
=== Project Setup
[info] 
[info] First, let's associate this project directory with a Firebase project.
[info] You can create multiple project aliases by running firebase use --add, 
[info] but for now we'll just set up a default project.
[info] 
[debug] [2025-09-09T11:26:39.001Z] Checked if tokens are valid: true, expires at: 1757420757016
[debug] [2025-09-09T11:26:39.002Z] Checked if tokens are valid: true, expires at: 1757420757016
[debug] [2025-09-09T11:26:39.003Z] >>> [apiv2][query] GET https://firebase.googleapis.com/v1beta1/projects pageSize=100
[debug] [2025-09-09T11:26:39.721Z] <<< [apiv2][status] GET https://firebase.googleapis.com/v1beta1/projects 200
[debug] [2025-09-09T11:26:39.722Z] <<< [apiv2][body] GET https://firebase.googleapis.com/v1beta1/projects [omitted]
[info] i  Using project rubenbadia-7a81d (rubenbadia) 
[info] 
=== Hosting Setup
[debug] [2025-09-09T11:26:42.495Z] Checked if tokens are valid: true, expires at: 1757420757016
[debug] [2025-09-09T11:26:42.495Z] Checked if tokens are valid: true, expires at: 1757420757016
[debug] [2025-09-09T11:26:42.495Z] >>> [apiv2][query] GET https://firebase.googleapis.com/v1beta1/projects/rubenbadia-7a81d [none]
[debug] [2025-09-09T11:26:42.832Z] <<< [apiv2][status] GET https://firebase.googleapis.com/v1beta1/projects/rubenbadia-7a81d 200
[debug] [2025-09-09T11:26:42.832Z] <<< [apiv2][body] GET https://firebase.googleapis.com/v1beta1/projects/rubenbadia-7a81d {"projectId":"rubenbadia-7a81d","projectNumber":"147635778130","displayName":"rubenbadia","name":"projects/rubenbadia-7a81d","resources":{"hostingSite":"rubenbadia-7a81d"},"state":"ACTIVE","etag":"1_8776a670-fb7a-474b-86ce-72475c588e29"}
[info] 
[info] Your public directory is the folder (relative to your project directory) that
[info] will contain Hosting assets to be uploaded with firebase deploy. If you
[info] have a build process for your assets, use your build's output directory.
[info] 
[debug] [2025-09-09T11:26:51.603Z] >>> [apiv2][query] GET https://www.gstatic.com/firebasejs/releases.json [none]
[debug] [2025-09-09T11:26:51.722Z] <<< [apiv2][status] GET https://www.gstatic.com/firebasejs/releases.json 200
[debug] [2025-09-09T11:26:51.722Z] <<< [apiv2][body] GET https://www.gstatic.com/firebasejs/releases.json {"current":{"version":"12.2.1","browserURL":"https://www.gstatic.com/firebasejs/12.2.1/firebase.js","packageURL":"https://www.gstatic.com/firebasejs/12.2.1/firebase.tgz"},"live":{"version":"12.2","browserURL":"https://www.gstatic.com/firebasejs/live/12.2/firebase.js","packageURL":"https://www.gstatic.com/firebasejs/live/12.2/firebase.tgz"},"components":{"ai":"https://www.gstatic.com/firebasejs/12.2.1/firebase-ai.js","analytics":"https://www.gstatic.com/firebasejs/12.2.1/firebase-analytics.js","app":"https://www.gstatic.com/firebasejs/12.2.1/firebase-app.js","app-check":"https://www.gstatic.com/firebasejs/12.2.1/firebase-app-check.js","auth":"https://www.gstatic.com/firebasejs/12.2.1/firebase-auth.js","auth/cordova":"https://www.gstatic.com/firebasejs/12.2.1/firebase-auth/cordova.js","auth/web-extension":"https://www.gstatic.com/firebasejs/12.2.1/firebase-auth/web-extension.js","functions":"https://www.gstatic.com/firebasejs/12.2.1/firebase-functions.js","firestore":"https://www.gstatic.com/firebasejs/12.2.1/firebase-firestore.js","firestore/lite":"https://www.gstatic.com/firebasejs/12.2.1/firebase-firestore/lite.js","installations":"https://www.gstatic.com/firebasejs/12.2.1/firebase-installations.js","storage":"https://www.gstatic.com/firebasejs/12.2.1/firebase-storage.js","performance":"https://www.gstatic.com/firebasejs/12.2.1/firebase-performance.js","remote-config":"https://www.gstatic.com/firebasejs/12.2.1/firebase-remote-config.js","messaging":"https://www.gstatic.com/firebasejs/12.2.1/firebase-messaging.js","messaging/sw":"https://www.gstatic.com/firebasejs/12.2.1/firebase-messaging/sw.js","database":"https://www.gstatic.com/firebasejs/12.2.1/firebase-database.js","data-connect":"https://www.gstatic.com/firebasejs/12.2.1/firebase-data-connect.js","firestore.memory":"https://www.gstatic.com/firebasejs/12.2.1/firebase-firestore.memory.js"}}
[info] +  Wrote public/index.html 
[info] 
[info] i  Detected a .git folder at C:\Users\Joaco\Documents\GitHub\DENTA 
[info] i  Authorizing with GitHub to upload your service account to a GitHub repository's secrets store. 
[info] 
[info] Visit this URL on this device to log in:
[info] https://github.com/login/oauth/authorize?client_id=89cf50f02ac6aaed3484&state=824911096&redirect_uri=http%3A%2F%2Flocalhost%3A9005&scope=read%3Auser%20repo%20public_repo
[info] 
[info] Waiting for authentication...
[debug] [2025-09-09T11:27:03.253Z] >>> [apiv2][query] POST https://github.com/login/oauth/access_token [none]
[debug] [2025-09-09T11:27:03.253Z] >>> [apiv2][body] POST https://github.com/login/oauth/access_token [stream]
[debug] [2025-09-09T11:27:03.633Z] <<< [apiv2][status] POST https://github.com/login/oauth/access_token 200
[debug] [2025-09-09T11:27:03.634Z] <<< [apiv2][body] POST https://github.com/login/oauth/access_token {"access_token":"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","token_type":"bearer","scope":"read:user,repo"}
[debug] [2025-09-09T11:27:03.638Z] >>> [apiv2][query] GET https://api.github.com/user [none]
[debug] [2025-09-09T11:27:04.060Z] <<< [apiv2][status] GET https://api.github.com/user 200
[debug] [2025-09-09T11:27:04.061Z] <<< [apiv2][body] GET https://api.github.com/user {"login":"JOACOCONTE","id":161540306,"node_id":"U_kgDOCaDo0g","avatar_url":"https://avatars.githubusercontent.com/u/161540306?v=4","gravatar_id":"","url":"https://api.github.com/users/JOACOCONTE","html_url":"https://github.com/JOACOCONTE","followers_url":"https://api.github.com/users/JOACOCONTE/followers","following_url":"https://api.github.com/users/JOACOCONTE/following{/other_user}","gists_url":"https://api.github.com/users/JOACOCONTE/gists{/gist_id}","starred_url":"https://api.github.com/users/JOACOCONTE/starred{/owner}{/repo}","subscriptions_url":"https://api.github.com/users/JOACOCONTE/subscriptions","organizations_url":"https://api.github.com/users/JOACOCONTE/orgs","repos_url":"https://api.github.com/users/JOACOCONTE/repos","events_url":"https://api.github.com/users/JOACOCONTE/events{/privacy}","received_events_url":"https://api.github.com/users/JOACOCONTE/received_events","type":"User","user_view_type":"private","site_admin":false,"name":null,"company":null,"blog":"","location":null,"email":null,"hireable":null,"bio":null,"twitter_username":null,"notification_email":null,"public_repos":5,"public_gists":0,"followers":2,"following":3,"created_at":"2024-02-28T01:22:21Z","updated_at":"2025-09-04T16:42:59Z","private_gists":0,"total_private_repos":9,"owned_private_repos":9,"disk_usage":46019,"collaborators":4,"two_factor_authentication":false,"plan":{"name":"free","space":976562499,"collaborators":0,"private_repos":10000}}
[info] 
[info] +  Success! Logged into GitHub as JOACOCONTE 
[info] 
